[21-Jul-2022 18:24:26 UTC] PHP Fatal error:  Uncaught Error: Class "autoload" not found in C:\xampp\htdocs\tucher\wp-content\themes\tucher\inc\global\theme-constants.php:20
Stack trace:
#0 C:\xampp\htdocs\tucher\wp-content\themes\tucher\functions.php(9): require_once()
#1 C:\xampp\htdocs\tucher\wp-settings.php(566): include('C:\\xampp\\htdocs...')
#2 C:\xampp\htdocs\tucher\wp-config.php(108): require_once('C:\\xampp\\htdocs...')
#3 C:\xampp\htdocs\tucher\wp-load.php(50): require_once('C:\\xampp\\htdocs...')
#4 C:\xampp\htdocs\tucher\wp-blog-header.php(13): require_once('C:\\xampp\\htdocs...')
#5 C:\xampp\htdocs\tucher\index.php(17): require('C:\\xampp\\htdocs...')
#6 {main}
  thrown in C:\xampp\htdocs\tucher\wp-content\themes\tucher\inc\global\theme-constants.php on line 20
[21-Jul-2022 18:26:44 UTC] PHP Fatal error:  Uncaught Error: Class "autoload" not found in C:\xampp\htdocs\tucher\wp-content\themes\tucher\inc\global\theme-constants.php:20
Stack trace:
#0 C:\xampp\htdocs\tucher\wp-content\themes\tucher\functions.php(9): require_once()
#1 C:\xampp\htdocs\tucher\wp-settings.php(566): include('C:\\xampp\\htdocs...')
#2 C:\xampp\htdocs\tucher\wp-config.php(108): require_once('C:\\xampp\\htdocs...')
#3 C:\xampp\htdocs\tucher\wp-load.php(50): require_once('C:\\xampp\\htdocs...')
#4 C:\xampp\htdocs\tucher\wp-blog-header.php(13): require_once('C:\\xampp\\htdocs...')
#5 C:\xampp\htdocs\tucher\index.php(17): require('C:\\xampp\\htdocs...')
#6 {main}
  thrown in C:\xampp\htdocs\tucher\wp-content\themes\tucher\inc\global\theme-constants.php on line 20
[21-Jul-2022 18:27:14 UTC] PHP Fatal error:  Uncaught Error: Class "theme" not found in C:\xampp\htdocs\tucher\wp-content\themes\tucher\inc\functions.php:6
Stack trace:
#0 C:\xampp\htdocs\tucher\wp-content\themes\tucher\functions.php(31): require()
#1 C:\xampp\htdocs\tucher\wp-settings.php(566): include('C:\\xampp\\htdocs...')
#2 C:\xampp\htdocs\tucher\wp-config.php(108): require_once('C:\\xampp\\htdocs...')
#3 C:\xampp\htdocs\tucher\wp-load.php(50): require_once('C:\\xampp\\htdocs...')
#4 C:\xampp\htdocs\tucher\wp-blog-header.php(13): require_once('C:\\xampp\\htdocs...')
#5 C:\xampp\htdocs\tucher\index.php(17): require('C:\\xampp\\htdocs...')
#6 {main}
  thrown in C:\xampp\htdocs\tucher\wp-content\themes\tucher\inc\functions.php on line 6
[21-Jul-2022 18:27:16 UTC] PHP Fatal error:  Uncaught Error: Class "theme" not found in C:\xampp\htdocs\tucher\wp-content\themes\tucher\inc\functions.php:6
Stack trace:
#0 C:\xampp\htdocs\tucher\wp-content\themes\tucher\functions.php(31): require()
#1 C:\xampp\htdocs\tucher\wp-settings.php(566): include('C:\\xampp\\htdocs...')
#2 C:\xampp\htdocs\tucher\wp-config.php(108): require_once('C:\\xampp\\htdocs...')
#3 C:\xampp\htdocs\tucher\wp-load.php(50): require_once('C:\\xampp\\htdocs...')
#4 C:\xampp\htdocs\tucher\wp-blog-header.php(13): require_once('C:\\xampp\\htdocs...')
#5 C:\xampp\htdocs\tucher\index.php(17): require('C:\\xampp\\htdocs...')
#6 {main}
  thrown in C:\xampp\htdocs\tucher\wp-content\themes\tucher\inc\functions.php on line 6
[21-Jul-2022 18:27:17 UTC] PHP Fatal error:  Uncaught Error: Class "theme" not found in C:\xampp\htdocs\tucher\wp-content\themes\tucher\inc\functions.php:6
Stack trace:
#0 C:\xampp\htdocs\tucher\wp-content\themes\tucher\functions.php(31): require()
#1 C:\xampp\htdocs\tucher\wp-settings.php(566): include('C:\\xampp\\htdocs...')
#2 C:\xampp\htdocs\tucher\wp-config.php(108): require_once('C:\\xampp\\htdocs...')
#3 C:\xampp\htdocs\tucher\wp-load.php(50): require_once('C:\\xampp\\htdocs...')
#4 C:\xampp\htdocs\tucher\wp-blog-header.php(13): require_once('C:\\xampp\\htdocs...')
#5 C:\xampp\htdocs\tucher\index.php(17): require('C:\\xampp\\htdocs...')
#6 {main}
  thrown in C:\xampp\htdocs\tucher\wp-content\themes\tucher\inc\functions.php on line 6
[21-Jul-2022 18:28:52 UTC] PHP Fatal error:  Uncaught Error: Class "theme" not found in C:\xampp\htdocs\tucher\wp-content\themes\tucher\inc\functions.php:6
Stack trace:
#0 C:\xampp\htdocs\tucher\wp-content\themes\tucher\functions.php(31): require()
#1 C:\xampp\htdocs\tucher\wp-settings.php(566): include('C:\\xampp\\htdocs...')
#2 C:\xampp\htdocs\tucher\wp-config.php(108): require_once('C:\\xampp\\htdocs...')
#3 C:\xampp\htdocs\tucher\wp-load.php(50): require_once('C:\\xampp\\htdocs...')
#4 C:\xampp\htdocs\tucher\wp-blog-header.php(13): require_once('C:\\xampp\\htdocs...')
#5 C:\xampp\htdocs\tucher\index.php(17): require('C:\\xampp\\htdocs...')
#6 {main}
  thrown in C:\xampp\htdocs\tucher\wp-content\themes\tucher\inc\functions.php on line 6
[21-Jul-2022 18:33:29 UTC] PHP Fatal error:  Uncaught Error: Class "autoloader" not found in C:\xampp\htdocs\tucher\wp-content\themes\tucher\inc\global\theme-constants.php:19
Stack trace:
#0 C:\xampp\htdocs\tucher\wp-content\themes\tucher\functions.php(9): require_once()
#1 C:\xampp\htdocs\tucher\wp-settings.php(566): include('C:\\xampp\\htdocs...')
#2 C:\xampp\htdocs\tucher\wp-config.php(108): require_once('C:\\xampp\\htdocs...')
#3 C:\xampp\htdocs\tucher\wp-load.php(50): require_once('C:\\xampp\\htdocs...')
#4 C:\xampp\htdocs\tucher\wp-blog-header.php(13): require_once('C:\\xampp\\htdocs...')
#5 C:\xampp\htdocs\tucher\index.php(17): require('C:\\xampp\\htdocs...')
#6 {main}
  thrown in C:\xampp\htdocs\tucher\wp-content\themes\tucher\inc\global\theme-constants.php on line 19
[21-Jul-2022 18:34:08 UTC] PHP Fatal error:  Uncaught Error: Class "autoloader" not found in C:\xampp\htdocs\tucher\wp-content\themes\tucher\inc\global\theme-constants.php:19
Stack trace:
#0 C:\xampp\htdocs\tucher\wp-content\themes\tucher\functions.php(9): require_once()
#1 C:\xampp\htdocs\tucher\wp-settings.php(566): include('C:\\xampp\\htdocs...')
#2 C:\xampp\htdocs\tucher\wp-config.php(108): require_once('C:\\xampp\\htdocs...')
#3 C:\xampp\htdocs\tucher\wp-load.php(50): require_once('C:\\xampp\\htdocs...')
#4 C:\xampp\htdocs\tucher\wp-blog-header.php(13): require_once('C:\\xampp\\htdocs...')
#5 C:\xampp\htdocs\tucher\index.php(17): require('C:\\xampp\\htdocs...')
#6 {main}
  thrown in C:\xampp\htdocs\tucher\wp-content\themes\tucher\inc\global\theme-constants.php on line 19
[21-Jul-2022 18:34:35 UTC] PHP Fatal error:  Uncaught Error: Class "autoloader" not found in C:\xampp\htdocs\tucher\wp-content\themes\tucher\inc\global\theme-constants.php:19
Stack trace:
#0 C:\xampp\htdocs\tucher\wp-content\themes\tucher\functions.php(9): require_once()
#1 C:\xampp\htdocs\tucher\wp-settings.php(566): include('C:\\xampp\\htdocs...')
#2 C:\xampp\htdocs\tucher\wp-config.php(108): require_once('C:\\xampp\\htdocs...')
#3 C:\xampp\htdocs\tucher\wp-load.php(50): require_once('C:\\xampp\\htdocs...')
#4 C:\xampp\htdocs\tucher\wp-blog-header.php(13): require_once('C:\\xampp\\htdocs...')
#5 C:\xampp\htdocs\tucher\index.php(17): require('C:\\xampp\\htdocs...')
#6 {main}
  thrown in C:\xampp\htdocs\tucher\wp-content\themes\tucher\inc\global\theme-constants.php on line 19
[21-Jul-2022 18:37:29 UTC] PHP Deprecated:  Return type of Requests_Cookie_Jar::offsetExists($key) should either be compatible with ArrayAccess::offsetExists(mixed $offset): bool, or the #[\ReturnTypeWillChange] attribute should be used to temporarily suppress the notice in C:\xampp\htdocs\tucher\wp-includes\Requests\Cookie\Jar.php on line 63
[21-Jul-2022 18:37:29 UTC] PHP Deprecated:  Return type of Requests_Cookie_Jar::offsetGet($key) should either be compatible with ArrayAccess::offsetGet(mixed $offset): mixed, or the #[\ReturnTypeWillChange] attribute should be used to temporarily suppress the notice in C:\xampp\htdocs\tucher\wp-includes\Requests\Cookie\Jar.php on line 73
[21-Jul-2022 18:37:29 UTC] PHP Deprecated:  Return type of Requests_Cookie_Jar::offsetSet($key, $value) should either be compatible with ArrayAccess::offsetSet(mixed $offset, mixed $value): void, or the #[\ReturnTypeWillChange] attribute should be used to temporarily suppress the notice in C:\xampp\htdocs\tucher\wp-includes\Requests\Cookie\Jar.php on line 89
[21-Jul-2022 18:37:29 UTC] PHP Deprecated:  Return type of Requests_Cookie_Jar::offsetUnset($key) should either be compatible with ArrayAccess::offsetUnset(mixed $offset): void, or the #[\ReturnTypeWillChange] attribute should be used to temporarily suppress the notice in C:\xampp\htdocs\tucher\wp-includes\Requests\Cookie\Jar.php on line 102
[21-Jul-2022 18:37:29 UTC] PHP Deprecated:  Return type of Requests_Cookie_Jar::getIterator() should either be compatible with IteratorAggregate::getIterator(): Traversable, or the #[\ReturnTypeWillChange] attribute should be used to temporarily suppress the notice in C:\xampp\htdocs\tucher\wp-includes\Requests\Cookie\Jar.php on line 111
[21-Jul-2022 18:37:30 UTC] PHP Deprecated:  Return type of Requests_Cookie_Jar::offsetExists($key) should either be compatible with ArrayAccess::offsetExists(mixed $offset): bool, or the #[\ReturnTypeWillChange] attribute should be used to temporarily suppress the notice in C:\xampp\htdocs\tucher\wp-includes\Requests\Cookie\Jar.php on line 63
[21-Jul-2022 18:37:30 UTC] PHP Deprecated:  Return type of Requests_Cookie_Jar::offsetGet($key) should either be compatible with ArrayAccess::offsetGet(mixed $offset): mixed, or the #[\ReturnTypeWillChange] attribute should be used to temporarily suppress the notice in C:\xampp\htdocs\tucher\wp-includes\Requests\Cookie\Jar.php on line 73
[21-Jul-2022 18:37:30 UTC] PHP Deprecated:  Return type of Requests_Cookie_Jar::offsetSet($key, $value) should either be compatible with ArrayAccess::offsetSet(mixed $offset, mixed $value): void, or the #[\ReturnTypeWillChange] attribute should be used to temporarily suppress the notice in C:\xampp\htdocs\tucher\wp-includes\Requests\Cookie\Jar.php on line 89
[21-Jul-2022 18:37:30 UTC] PHP Deprecated:  Return type of Requests_Cookie_Jar::offsetUnset($key) should either be compatible with ArrayAccess::offsetUnset(mixed $offset): void, or the #[\ReturnTypeWillChange] attribute should be used to temporarily suppress the notice in C:\xampp\htdocs\tucher\wp-includes\Requests\Cookie\Jar.php on line 102
[21-Jul-2022 18:37:30 UTC] PHP Deprecated:  Return type of Requests_Cookie_Jar::getIterator() should either be compatible with IteratorAggregate::getIterator(): Traversable, or the #[\ReturnTypeWillChange] attribute should be used to temporarily suppress the notice in C:\xampp\htdocs\tucher\wp-includes\Requests\Cookie\Jar.php on line 111
[21-Jul-2022 18:37:30 UTC] PHP Fatal error:  Uncaught Error: Class "WP_Bootstrap_Navwalker" not found in C:\xampp\htdocs\tucher\wp-content\themes\tucher\header.php:54
Stack trace:
#0 C:\xampp\htdocs\tucher\wp-includes\template.php(770): require_once()
#1 C:\xampp\htdocs\tucher\wp-includes\template.php(716): load_template('C:\\xampp\\htdocs...', true, Array)
#2 C:\xampp\htdocs\tucher\wp-includes\general-template.php(48): locate_template(Array, true, true, Array)
#3 C:\xampp\htdocs\tucher\wp-content\themes\tucher\index.php(8): get_header()
#4 C:\xampp\htdocs\tucher\wp-includes\template-loader.php(106): include('C:\\xampp\\htdocs...')
#5 C:\xampp\htdocs\tucher\wp-blog-header.php(19): require_once('C:\\xampp\\htdocs...')
#6 C:\xampp\htdocs\tucher\index.php(17): require('C:\\xampp\\htdocs...')
#7 {main}
  thrown in C:\xampp\htdocs\tucher\wp-content\themes\tucher\header.php on line 54
[21-Jul-2022 18:37:30 UTC] PHP Deprecated:  Return type of Requests_Utility_CaseInsensitiveDictionary::offsetExists($key) should either be compatible with ArrayAccess::offsetExists(mixed $offset): bool, or the #[\ReturnTypeWillChange] attribute should be used to temporarily suppress the notice in C:\xampp\htdocs\tucher\wp-includes\Requests\Utility\CaseInsensitiveDictionary.php on line 40
[21-Jul-2022 18:37:30 UTC] PHP Deprecated:  Return type of Requests_Utility_CaseInsensitiveDictionary::offsetGet($key) should either be compatible with ArrayAccess::offsetGet(mixed $offset): mixed, or the #[\ReturnTypeWillChange] attribute should be used to temporarily suppress the notice in C:\xampp\htdocs\tucher\wp-includes\Requests\Utility\CaseInsensitiveDictionary.php on line 51
[21-Jul-2022 18:37:30 UTC] PHP Deprecated:  Return type of Requests_Utility_CaseInsensitiveDictionary::offsetSet($key, $value) should either be compatible with ArrayAccess::offsetSet(mixed $offset, mixed $value): void, or the #[\ReturnTypeWillChange] attribute should be used to temporarily suppress the notice in C:\xampp\htdocs\tucher\wp-includes\Requests\Utility\CaseInsensitiveDictionary.php on line 68
[21-Jul-2022 18:37:30 UTC] PHP Deprecated:  Return type of Requests_Utility_CaseInsensitiveDictionary::offsetUnset($key) should either be compatible with ArrayAccess::offsetUnset(mixed $offset): void, or the #[\ReturnTypeWillChange] attribute should be used to temporarily suppress the notice in C:\xampp\htdocs\tucher\wp-includes\Requests\Utility\CaseInsensitiveDictionary.php on line 82
[21-Jul-2022 18:37:30 UTC] PHP Deprecated:  Return type of Requests_Utility_CaseInsensitiveDictionary::getIterator() should either be compatible with IteratorAggregate::getIterator(): Traversable, or the #[\ReturnTypeWillChange] attribute should be used to temporarily suppress the notice in C:\xampp\htdocs\tucher\wp-includes\Requests\Utility\CaseInsensitiveDictionary.php on line 91
[21-Jul-2022 18:37:30 UTC] PHP Deprecated:  Return type of Requests_Utility_CaseInsensitiveDictionary::offsetExists($key) should either be compatible with ArrayAccess::offsetExists(mixed $offset): bool, or the #[\ReturnTypeWillChange] attribute should be used to temporarily suppress the notice in C:\xampp\htdocs\tucher\wp-includes\Requests\Utility\CaseInsensitiveDictionary.php on line 40
[21-Jul-2022 18:37:30 UTC] PHP Deprecated:  Return type of Requests_Utility_CaseInsensitiveDictionary::offsetGet($key) should either be compatible with ArrayAccess::offsetGet(mixed $offset): mixed, or the #[\ReturnTypeWillChange] attribute should be used to temporarily suppress the notice in C:\xampp\htdocs\tucher\wp-includes\Requests\Utility\CaseInsensitiveDictionary.php on line 51
[21-Jul-2022 18:37:30 UTC] PHP Deprecated:  Return type of Requests_Utility_CaseInsensitiveDictionary::offsetSet($key, $value) should either be compatible with ArrayAccess::offsetSet(mixed $offset, mixed $value): void, or the #[\ReturnTypeWillChange] attribute should be used to temporarily suppress the notice in C:\xampp\htdocs\tucher\wp-includes\Requests\Utility\CaseInsensitiveDictionary.php on line 68
[21-Jul-2022 18:37:30 UTC] PHP Deprecated:  Return type of Requests_Utility_CaseInsensitiveDictionary::offsetUnset($key) should either be compatible with ArrayAccess::offsetUnset(mixed $offset): void, or the #[\ReturnTypeWillChange] attribute should be used to temporarily suppress the notice in C:\xampp\htdocs\tucher\wp-includes\Requests\Utility\CaseInsensitiveDictionary.php on line 82
[21-Jul-2022 18:37:30 UTC] PHP Deprecated:  Return type of Requests_Utility_CaseInsensitiveDictionary::getIterator() should either be compatible with IteratorAggregate::getIterator(): Traversable, or the #[\ReturnTypeWillChange] attribute should be used to temporarily suppress the notice in C:\xampp\htdocs\tucher\wp-includes\Requests\Utility\CaseInsensitiveDictionary.php on line 91
[21-Jul-2022 18:37:30 UTC] PHP Deprecated:  http_build_query(): Passing null to parameter #2 ($numeric_prefix) of type string is deprecated in C:\xampp\htdocs\tucher\wp-includes\Requests\Transport\cURL.php on line 345
[21-Jul-2022 18:37:30 UTC] PHP Fatal error:  Uncaught Error: Class "WP_Bootstrap_Navwalker" not found in C:\xampp\htdocs\tucher\wp-content\themes\tucher\header.php:54
Stack trace:
#0 C:\xampp\htdocs\tucher\wp-includes\template.php(770): require_once()
#1 C:\xampp\htdocs\tucher\wp-includes\template.php(716): load_template('C:\\xampp\\htdocs...', true, Array)
#2 C:\xampp\htdocs\tucher\wp-includes\general-template.php(48): locate_template(Array, true, true, Array)
#3 C:\xampp\htdocs\tucher\wp-content\themes\tucher\index.php(8): get_header()
#4 C:\xampp\htdocs\tucher\wp-includes\template-loader.php(106): include('C:\\xampp\\htdocs...')
#5 C:\xampp\htdocs\tucher\wp-blog-header.php(19): require_once('C:\\xampp\\htdocs...')
#6 C:\xampp\htdocs\tucher\index.php(17): require('C:\\xampp\\htdocs...')
#7 {main}
  thrown in C:\xampp\htdocs\tucher\wp-content\themes\tucher\header.php on line 54
[21-Jul-2022 18:37:31 UTC] PHP Fatal error:  Uncaught Error: Class "WP_Bootstrap_Navwalker" not found in C:\xampp\htdocs\tucher\wp-content\themes\tucher\header.php:54
Stack trace:
#0 C:\xampp\htdocs\tucher\wp-includes\template.php(770): require_once()
#1 C:\xampp\htdocs\tucher\wp-includes\template.php(716): load_template('C:\\xampp\\htdocs...', true, Array)
#2 C:\xampp\htdocs\tucher\wp-includes\general-template.php(48): locate_template(Array, true, true, Array)
#3 C:\xampp\htdocs\tucher\wp-content\themes\tucher\404.php(8): get_header()
#4 C:\xampp\htdocs\tucher\wp-includes\template-loader.php(106): include('C:\\xampp\\htdocs...')
#5 C:\xampp\htdocs\tucher\wp-blog-header.php(19): require_once('C:\\xampp\\htdocs...')
#6 C:\xampp\htdocs\tucher\index.php(17): require('C:\\xampp\\htdocs...')
#7 {main}
  thrown in C:\xampp\htdocs\tucher\wp-content\themes\tucher\header.php on line 54
[21-Jul-2022 18:37:33 UTC] PHP Deprecated:  http_build_query(): Passing null to parameter #2 ($numeric_prefix) of type string is deprecated in C:\xampp\htdocs\tucher\wp-includes\Requests\Transport\cURL.php on line 345
[21-Jul-2022 18:37:34 UTC] PHP Deprecated:  http_build_query(): Passing null to parameter #2 ($numeric_prefix) of type string is deprecated in C:\xampp\htdocs\tucher\wp-includes\Requests\Transport\cURL.php on line 345
[21-Jul-2022 18:38:05 UTC] PHP Deprecated:  Return type of Requests_Cookie_Jar::offsetExists($key) should either be compatible with ArrayAccess::offsetExists(mixed $offset): bool, or the #[\ReturnTypeWillChange] attribute should be used to temporarily suppress the notice in C:\xampp\htdocs\tucher\wp-includes\Requests\Cookie\Jar.php on line 63
[21-Jul-2022 18:38:05 UTC] PHP Deprecated:  Return type of Requests_Cookie_Jar::offsetGet($key) should either be compatible with ArrayAccess::offsetGet(mixed $offset): mixed, or the #[\ReturnTypeWillChange] attribute should be used to temporarily suppress the notice in C:\xampp\htdocs\tucher\wp-includes\Requests\Cookie\Jar.php on line 73
[21-Jul-2022 18:38:05 UTC] PHP Deprecated:  Return type of Requests_Cookie_Jar::offsetSet($key, $value) should either be compatible with ArrayAccess::offsetSet(mixed $offset, mixed $value): void, or the #[\ReturnTypeWillChange] attribute should be used to temporarily suppress the notice in C:\xampp\htdocs\tucher\wp-includes\Requests\Cookie\Jar.php on line 89
[21-Jul-2022 18:38:05 UTC] PHP Deprecated:  Return type of Requests_Cookie_Jar::offsetUnset($key) should either be compatible with ArrayAccess::offsetUnset(mixed $offset): void, or the #[\ReturnTypeWillChange] attribute should be used to temporarily suppress the notice in C:\xampp\htdocs\tucher\wp-includes\Requests\Cookie\Jar.php on line 102
[21-Jul-2022 18:38:05 UTC] PHP Deprecated:  Return type of Requests_Cookie_Jar::getIterator() should either be compatible with IteratorAggregate::getIterator(): Traversable, or the #[\ReturnTypeWillChange] attribute should be used to temporarily suppress the notice in C:\xampp\htdocs\tucher\wp-includes\Requests\Cookie\Jar.php on line 111
[21-Jul-2022 18:38:05 UTC] PHP Deprecated:  http_build_query(): Passing null to parameter #2 ($numeric_prefix) of type string is deprecated in C:\xampp\htdocs\tucher\wp-includes\Requests\Transport\cURL.php on line 345
[21-Jul-2022 18:38:06 UTC] PHP Deprecated:  Return type of Requests_Utility_CaseInsensitiveDictionary::offsetExists($key) should either be compatible with ArrayAccess::offsetExists(mixed $offset): bool, or the #[\ReturnTypeWillChange] attribute should be used to temporarily suppress the notice in C:\xampp\htdocs\tucher\wp-includes\Requests\Utility\CaseInsensitiveDictionary.php on line 40
[21-Jul-2022 18:38:06 UTC] PHP Deprecated:  Return type of Requests_Utility_CaseInsensitiveDictionary::offsetGet($key) should either be compatible with ArrayAccess::offsetGet(mixed $offset): mixed, or the #[\ReturnTypeWillChange] attribute should be used to temporarily suppress the notice in C:\xampp\htdocs\tucher\wp-includes\Requests\Utility\CaseInsensitiveDictionary.php on line 51
[21-Jul-2022 18:38:06 UTC] PHP Deprecated:  Return type of Requests_Utility_CaseInsensitiveDictionary::offsetSet($key, $value) should either be compatible with ArrayAccess::offsetSet(mixed $offset, mixed $value): void, or the #[\ReturnTypeWillChange] attribute should be used to temporarily suppress the notice in C:\xampp\htdocs\tucher\wp-includes\Requests\Utility\CaseInsensitiveDictionary.php on line 68
[21-Jul-2022 18:38:06 UTC] PHP Deprecated:  Return type of Requests_Utility_CaseInsensitiveDictionary::offsetUnset($key) should either be compatible with ArrayAccess::offsetUnset(mixed $offset): void, or the #[\ReturnTypeWillChange] attribute should be used to temporarily suppress the notice in C:\xampp\htdocs\tucher\wp-includes\Requests\Utility\CaseInsensitiveDictionary.php on line 82
[21-Jul-2022 18:38:06 UTC] PHP Deprecated:  Return type of Requests_Utility_CaseInsensitiveDictionary::getIterator() should either be compatible with IteratorAggregate::getIterator(): Traversable, or the #[\ReturnTypeWillChange] attribute should be used to temporarily suppress the notice in C:\xampp\htdocs\tucher\wp-includes\Requests\Utility\CaseInsensitiveDictionary.php on line 91
[21-Jul-2022 18:38:07 UTC] PHP Deprecated:  setcookie(): Passing null to parameter #5 ($domain) of type string is deprecated in C:\xampp\htdocs\tucher\wp-includes\option.php on line 1112
[21-Jul-2022 18:38:07 UTC] PHP Warning:  Cannot modify header information - headers already sent by (output started at C:\xampp\htdocs\tucher\wp-includes\option.php:1112) in C:\xampp\htdocs\tucher\wp-includes\option.php on line 1112
[21-Jul-2022 18:38:07 UTC] PHP Deprecated:  setcookie(): Passing null to parameter #5 ($domain) of type string is deprecated in C:\xampp\htdocs\tucher\wp-includes\option.php on line 1113
[21-Jul-2022 18:38:07 UTC] PHP Warning:  Cannot modify header information - headers already sent by (output started at C:\xampp\htdocs\tucher\wp-includes\option.php:1112) in C:\xampp\htdocs\tucher\wp-includes\option.php on line 1113
[21-Jul-2022 18:38:07 UTC] PHP Deprecated:  rtrim(): Passing null to parameter #1 ($string) of type string is deprecated in C:\xampp\htdocs\tucher\wp-includes\formatting.php on line 2772
[21-Jul-2022 18:38:07 UTC] PHP Deprecated:  rtrim(): Passing null to parameter #1 ($string) of type string is deprecated in C:\xampp\htdocs\tucher\wp-includes\formatting.php on line 2772
[21-Jul-2022 18:38:07 UTC] PHP Deprecated:  rtrim(): Passing null to parameter #1 ($string) of type string is deprecated in C:\xampp\htdocs\tucher\wp-includes\formatting.php on line 2772
[21-Jul-2022 18:38:07 UTC] PHP Deprecated:  rtrim(): Passing null to parameter #1 ($string) of type string is deprecated in C:\xampp\htdocs\tucher\wp-includes\formatting.php on line 2772
[21-Jul-2022 18:38:07 UTC] PHP Deprecated:  rtrim(): Passing null to parameter #1 ($string) of type string is deprecated in C:\xampp\htdocs\tucher\wp-includes\formatting.php on line 2772
[21-Jul-2022 18:38:07 UTC] PHP Deprecated:  rtrim(): Passing null to parameter #1 ($string) of type string is deprecated in C:\xampp\htdocs\tucher\wp-includes\formatting.php on line 2772
[21-Jul-2022 18:38:07 UTC] PHP Deprecated:  rtrim(): Passing null to parameter #1 ($string) of type string is deprecated in C:\xampp\htdocs\tucher\wp-includes\formatting.php on line 2772
[21-Jul-2022 18:38:07 UTC] PHP Deprecated:  rtrim(): Passing null to parameter #1 ($string) of type string is deprecated in C:\xampp\htdocs\tucher\wp-includes\formatting.php on line 2772
[21-Jul-2022 18:38:07 UTC] PHP Deprecated:  rtrim(): Passing null to parameter #1 ($string) of type string is deprecated in C:\xampp\htdocs\tucher\wp-includes\formatting.php on line 2772
[21-Jul-2022 18:38:08 UTC] PHP Deprecated:  Return type of Requests_Cookie_Jar::offsetExists($key) should either be compatible with ArrayAccess::offsetExists(mixed $offset): bool, or the #[\ReturnTypeWillChange] attribute should be used to temporarily suppress the notice in C:\xampp\htdocs\tucher\wp-includes\Requests\Cookie\Jar.php on line 63
[21-Jul-2022 18:38:08 UTC] PHP Deprecated:  Return type of Requests_Cookie_Jar::offsetGet($key) should either be compatible with ArrayAccess::offsetGet(mixed $offset): mixed, or the #[\ReturnTypeWillChange] attribute should be used to temporarily suppress the notice in C:\xampp\htdocs\tucher\wp-includes\Requests\Cookie\Jar.php on line 73
[21-Jul-2022 18:38:08 UTC] PHP Deprecated:  Return type of Requests_Cookie_Jar::offsetSet($key, $value) should either be compatible with ArrayAccess::offsetSet(mixed $offset, mixed $value): void, or the #[\ReturnTypeWillChange] attribute should be used to temporarily suppress the notice in C:\xampp\htdocs\tucher\wp-includes\Requests\Cookie\Jar.php on line 89
[21-Jul-2022 18:38:08 UTC] PHP Deprecated:  Return type of Requests_Cookie_Jar::offsetUnset($key) should either be compatible with ArrayAccess::offsetUnset(mixed $offset): void, or the #[\ReturnTypeWillChange] attribute should be used to temporarily suppress the notice in C:\xampp\htdocs\tucher\wp-includes\Requests\Cookie\Jar.php on line 102
[21-Jul-2022 18:38:08 UTC] PHP Deprecated:  Return type of Requests_Cookie_Jar::getIterator() should either be compatible with IteratorAggregate::getIterator(): Traversable, or the #[\ReturnTypeWillChange] attribute should be used to temporarily suppress the notice in C:\xampp\htdocs\tucher\wp-includes\Requests\Cookie\Jar.php on line 111
[21-Jul-2022 18:38:08 UTC] PHP Deprecated:  http_build_query(): Passing null to parameter #2 ($numeric_prefix) of type string is deprecated in C:\xampp\htdocs\tucher\wp-includes\Requests\Transport\cURL.php on line 530
[21-Jul-2022 18:38:09 UTC] PHP Deprecated:  Return type of Requests_Cookie_Jar::offsetExists($key) should either be compatible with ArrayAccess::offsetExists(mixed $offset): bool, or the #[\ReturnTypeWillChange] attribute should be used to temporarily suppress the notice in C:\xampp\htdocs\tucher\wp-includes\Requests\Cookie\Jar.php on line 63
[21-Jul-2022 18:38:09 UTC] PHP Deprecated:  Return type of Requests_Cookie_Jar::offsetGet($key) should either be compatible with ArrayAccess::offsetGet(mixed $offset): mixed, or the #[\ReturnTypeWillChange] attribute should be used to temporarily suppress the notice in C:\xampp\htdocs\tucher\wp-includes\Requests\Cookie\Jar.php on line 73
[21-Jul-2022 18:38:09 UTC] PHP Deprecated:  Return type of Requests_Cookie_Jar::offsetSet($key, $value) should either be compatible with ArrayAccess::offsetSet(mixed $offset, mixed $value): void, or the #[\ReturnTypeWillChange] attribute should be used to temporarily suppress the notice in C:\xampp\htdocs\tucher\wp-includes\Requests\Cookie\Jar.php on line 89
[21-Jul-2022 18:38:09 UTC] PHP Deprecated:  Return type of Requests_Cookie_Jar::offsetUnset($key) should either be compatible with ArrayAccess::offsetUnset(mixed $offset): void, or the #[\ReturnTypeWillChange] attribute should be used to temporarily suppress the notice in C:\xampp\htdocs\tucher\wp-includes\Requests\Cookie\Jar.php on line 102
[21-Jul-2022 18:38:09 UTC] PHP Deprecated:  Return type of Requests_Cookie_Jar::getIterator() should either be compatible with IteratorAggregate::getIterator(): Traversable, or the #[\ReturnTypeWillChange] attribute should be used to temporarily suppress the notice in C:\xampp\htdocs\tucher\wp-includes\Requests\Cookie\Jar.php on line 111
[21-Jul-2022 18:38:09 UTC] PHP Deprecated:  Return type of Requests_Utility_CaseInsensitiveDictionary::offsetExists($key) should either be compatible with ArrayAccess::offsetExists(mixed $offset): bool, or the #[\ReturnTypeWillChange] attribute should be used to temporarily suppress the notice in C:\xampp\htdocs\tucher\wp-includes\Requests\Utility\CaseInsensitiveDictionary.php on line 40
[21-Jul-2022 18:38:09 UTC] PHP Deprecated:  Return type of Requests_Utility_CaseInsensitiveDictionary::offsetGet($key) should either be compatible with ArrayAccess::offsetGet(mixed $offset): mixed, or the #[\ReturnTypeWillChange] attribute should be used to temporarily suppress the notice in C:\xampp\htdocs\tucher\wp-includes\Requests\Utility\CaseInsensitiveDictionary.php on line 51
[21-Jul-2022 18:38:09 UTC] PHP Deprecated:  Return type of Requests_Utility_CaseInsensitiveDictionary::offsetSet($key, $value) should either be compatible with ArrayAccess::offsetSet(mixed $offset, mixed $value): void, or the #[\ReturnTypeWillChange] attribute should be used to temporarily suppress the notice in C:\xampp\htdocs\tucher\wp-includes\Requests\Utility\CaseInsensitiveDictionary.php on line 68
[21-Jul-2022 18:38:09 UTC] PHP Deprecated:  Return type of Requests_Utility_CaseInsensitiveDictionary::offsetUnset($key) should either be compatible with ArrayAccess::offsetUnset(mixed $offset): void, or the #[\ReturnTypeWillChange] attribute should be used to temporarily suppress the notice in C:\xampp\htdocs\tucher\wp-includes\Requests\Utility\CaseInsensitiveDictionary.php on line 82
[21-Jul-2022 18:38:09 UTC] PHP Deprecated:  Return type of Requests_Utility_CaseInsensitiveDictionary::getIterator() should either be compatible with IteratorAggregate::getIterator(): Traversable, or the #[\ReturnTypeWillChange] attribute should be used to temporarily suppress the notice in C:\xampp\htdocs\tucher\wp-includes\Requests\Utility\CaseInsensitiveDictionary.php on line 91
[21-Jul-2022 18:38:11 UTC] PHP Deprecated:  Return type of Requests_Utility_CaseInsensitiveDictionary::offsetExists($key) should either be compatible with ArrayAccess::offsetExists(mixed $offset): bool, or the #[\ReturnTypeWillChange] attribute should be used to temporarily suppress the notice in C:\xampp\htdocs\tucher\wp-includes\Requests\Utility\CaseInsensitiveDictionary.php on line 40
[21-Jul-2022 18:38:11 UTC] PHP Deprecated:  Return type of Requests_Utility_CaseInsensitiveDictionary::offsetGet($key) should either be compatible with ArrayAccess::offsetGet(mixed $offset): mixed, or the #[\ReturnTypeWillChange] attribute should be used to temporarily suppress the notice in C:\xampp\htdocs\tucher\wp-includes\Requests\Utility\CaseInsensitiveDictionary.php on line 51
[21-Jul-2022 18:38:11 UTC] PHP Deprecated:  Return type of Requests_Utility_CaseInsensitiveDictionary::offsetSet($key, $value) should either be compatible with ArrayAccess::offsetSet(mixed $offset, mixed $value): void, or the #[\ReturnTypeWillChange] attribute should be used to temporarily suppress the notice in C:\xampp\htdocs\tucher\wp-includes\Requests\Utility\CaseInsensitiveDictionary.php on line 68
[21-Jul-2022 18:38:11 UTC] PHP Deprecated:  Return type of Requests_Utility_CaseInsensitiveDictionary::offsetUnset($key) should either be compatible with ArrayAccess::offsetUnset(mixed $offset): void, or the #[\ReturnTypeWillChange] attribute should be used to temporarily suppress the notice in C:\xampp\htdocs\tucher\wp-includes\Requests\Utility\CaseInsensitiveDictionary.php on line 82
[21-Jul-2022 18:38:11 UTC] PHP Deprecated:  Return type of Requests_Utility_CaseInsensitiveDictionary::getIterator() should either be compatible with IteratorAggregate::getIterator(): Traversable, or the #[\ReturnTypeWillChange] attribute should be used to temporarily suppress the notice in C:\xampp\htdocs\tucher\wp-includes\Requests\Utility\CaseInsensitiveDictionary.php on line 91
[21-Jul-2022 18:38:23 UTC] PHP Deprecated:  setcookie(): Passing null to parameter #5 ($domain) of type string is deprecated in C:\xampp\htdocs\tucher\wp-includes\option.php on line 1112
[21-Jul-2022 18:38:23 UTC] PHP Deprecated:  setcookie(): Passing null to parameter #5 ($domain) of type string is deprecated in C:\xampp\htdocs\tucher\wp-includes\option.php on line 1113
[21-Jul-2022 18:38:23 UTC] PHP Deprecated:  rtrim(): Passing null to parameter #1 ($string) of type string is deprecated in C:\xampp\htdocs\tucher\wp-includes\formatting.php on line 2772
[21-Jul-2022 18:38:23 UTC] PHP Deprecated:  rtrim(): Passing null to parameter #1 ($string) of type string is deprecated in C:\xampp\htdocs\tucher\wp-includes\formatting.php on line 2772
[21-Jul-2022 18:38:23 UTC] PHP Deprecated:  rtrim(): Passing null to parameter #1 ($string) of type string is deprecated in C:\xampp\htdocs\tucher\wp-includes\formatting.php on line 2772
[21-Jul-2022 18:38:23 UTC] PHP Deprecated:  rtrim(): Passing null to parameter #1 ($string) of type string is deprecated in C:\xampp\htdocs\tucher\wp-includes\formatting.php on line 2772
[21-Jul-2022 18:38:23 UTC] PHP Deprecated:  rtrim(): Passing null to parameter #1 ($string) of type string is deprecated in C:\xampp\htdocs\tucher\wp-includes\formatting.php on line 2772
[21-Jul-2022 18:38:23 UTC] PHP Deprecated:  rtrim(): Passing null to parameter #1 ($string) of type string is deprecated in C:\xampp\htdocs\tucher\wp-includes\formatting.php on line 2772
[21-Jul-2022 18:38:23 UTC] PHP Deprecated:  rtrim(): Passing null to parameter #1 ($string) of type string is deprecated in C:\xampp\htdocs\tucher\wp-includes\formatting.php on line 2772
[21-Jul-2022 18:38:23 UTC] PHP Deprecated:  rtrim(): Passing null to parameter #1 ($string) of type string is deprecated in C:\xampp\htdocs\tucher\wp-includes\formatting.php on line 2772
[21-Jul-2022 18:38:23 UTC] PHP Deprecated:  rtrim(): Passing null to parameter #1 ($string) of type string is deprecated in C:\xampp\htdocs\tucher\wp-includes\formatting.php on line 2772
[21-Jul-2022 18:38:24 UTC] PHP Deprecated:  Return type of Requests_Cookie_Jar::offsetExists($key) should either be compatible with ArrayAccess::offsetExists(mixed $offset): bool, or the #[\ReturnTypeWillChange] attribute should be used to temporarily suppress the notice in C:\xampp\htdocs\tucher\wp-includes\Requests\Cookie\Jar.php on line 63
[21-Jul-2022 18:38:24 UTC] PHP Deprecated:  Return type of Requests_Cookie_Jar::offsetGet($key) should either be compatible with ArrayAccess::offsetGet(mixed $offset): mixed, or the #[\ReturnTypeWillChange] attribute should be used to temporarily suppress the notice in C:\xampp\htdocs\tucher\wp-includes\Requests\Cookie\Jar.php on line 73
[21-Jul-2022 18:38:24 UTC] PHP Deprecated:  Return type of Requests_Cookie_Jar::offsetSet($key, $value) should either be compatible with ArrayAccess::offsetSet(mixed $offset, mixed $value): void, or the #[\ReturnTypeWillChange] attribute should be used to temporarily suppress the notice in C:\xampp\htdocs\tucher\wp-includes\Requests\Cookie\Jar.php on line 89
[21-Jul-2022 18:38:24 UTC] PHP Deprecated:  Return type of Requests_Cookie_Jar::offsetUnset($key) should either be compatible with ArrayAccess::offsetUnset(mixed $offset): void, or the #[\ReturnTypeWillChange] attribute should be used to temporarily suppress the notice in C:\xampp\htdocs\tucher\wp-includes\Requests\Cookie\Jar.php on line 102
[21-Jul-2022 18:38:24 UTC] PHP Deprecated:  Return type of Requests_Cookie_Jar::getIterator() should either be compatible with IteratorAggregate::getIterator(): Traversable, or the #[\ReturnTypeWillChange] attribute should be used to temporarily suppress the notice in C:\xampp\htdocs\tucher\wp-includes\Requests\Cookie\Jar.php on line 111
[21-Jul-2022 18:38:24 UTC] PHP Deprecated:  http_build_query(): Passing null to parameter #2 ($numeric_prefix) of type string is deprecated in C:\xampp\htdocs\tucher\wp-includes\Requests\Transport\cURL.php on line 530
[21-Jul-2022 18:38:25 UTC] PHP Deprecated:  Return type of Requests_Utility_CaseInsensitiveDictionary::offsetExists($key) should either be compatible with ArrayAccess::offsetExists(mixed $offset): bool, or the #[\ReturnTypeWillChange] attribute should be used to temporarily suppress the notice in C:\xampp\htdocs\tucher\wp-includes\Requests\Utility\CaseInsensitiveDictionary.php on line 40
[21-Jul-2022 18:38:25 UTC] PHP Deprecated:  Return type of Requests_Utility_CaseInsensitiveDictionary::offsetGet($key) should either be compatible with ArrayAccess::offsetGet(mixed $offset): mixed, or the #[\ReturnTypeWillChange] attribute should be used to temporarily suppress the notice in C:\xampp\htdocs\tucher\wp-includes\Requests\Utility\CaseInsensitiveDictionary.php on line 51
[21-Jul-2022 18:38:25 UTC] PHP Deprecated:  Return type of Requests_Utility_CaseInsensitiveDictionary::offsetSet($key, $value) should either be compatible with ArrayAccess::offsetSet(mixed $offset, mixed $value): void, or the #[\ReturnTypeWillChange] attribute should be used to temporarily suppress the notice in C:\xampp\htdocs\tucher\wp-includes\Requests\Utility\CaseInsensitiveDictionary.php on line 68
[21-Jul-2022 18:38:25 UTC] PHP Deprecated:  Return type of Requests_Utility_CaseInsensitiveDictionary::offsetUnset($key) should either be compatible with ArrayAccess::offsetUnset(mixed $offset): void, or the #[\ReturnTypeWillChange] attribute should be used to temporarily suppress the notice in C:\xampp\htdocs\tucher\wp-includes\Requests\Utility\CaseInsensitiveDictionary.php on line 82
[21-Jul-2022 18:38:25 UTC] PHP Deprecated:  Return type of Requests_Utility_CaseInsensitiveDictionary::getIterator() should either be compatible with IteratorAggregate::getIterator(): Traversable, or the #[\ReturnTypeWillChange] attribute should be used to temporarily suppress the notice in C:\xampp\htdocs\tucher\wp-includes\Requests\Utility\CaseInsensitiveDictionary.php on line 91
[21-Jul-2022 18:38:26 UTC] PHP Deprecated:  setcookie(): Passing null to parameter #5 ($domain) of type string is deprecated in C:\xampp\htdocs\tucher\wp-includes\option.php on line 1112
[21-Jul-2022 18:38:26 UTC] PHP Deprecated:  setcookie(): Passing null to parameter #5 ($domain) of type string is deprecated in C:\xampp\htdocs\tucher\wp-includes\option.php on line 1113
[21-Jul-2022 18:38:26 UTC] PHP Deprecated:  rtrim(): Passing null to parameter #1 ($string) of type string is deprecated in C:\xampp\htdocs\tucher\wp-includes\formatting.php on line 2772
[21-Jul-2022 18:38:26 UTC] PHP Deprecated:  rtrim(): Passing null to parameter #1 ($string) of type string is deprecated in C:\xampp\htdocs\tucher\wp-includes\formatting.php on line 2772
[21-Jul-2022 18:38:26 UTC] PHP Deprecated:  rtrim(): Passing null to parameter #1 ($string) of type string is deprecated in C:\xampp\htdocs\tucher\wp-includes\formatting.php on line 2772
[21-Jul-2022 18:38:26 UTC] PHP Deprecated:  rtrim(): Passing null to parameter #1 ($string) of type string is deprecated in C:\xampp\htdocs\tucher\wp-includes\formatting.php on line 2772
[21-Jul-2022 18:38:38 UTC] PHP Deprecated:  Return type of Requests_Cookie_Jar::offsetExists($key) should either be compatible with ArrayAccess::offsetExists(mixed $offset): bool, or the #[\ReturnTypeWillChange] attribute should be used to temporarily suppress the notice in C:\xampp\htdocs\tucher\wp-includes\Requests\Cookie\Jar.php on line 63
[21-Jul-2022 18:38:38 UTC] PHP Deprecated:  Return type of Requests_Cookie_Jar::offsetGet($key) should either be compatible with ArrayAccess::offsetGet(mixed $offset): mixed, or the #[\ReturnTypeWillChange] attribute should be used to temporarily suppress the notice in C:\xampp\htdocs\tucher\wp-includes\Requests\Cookie\Jar.php on line 73
[21-Jul-2022 18:38:38 UTC] PHP Deprecated:  Return type of Requests_Cookie_Jar::offsetSet($key, $value) should either be compatible with ArrayAccess::offsetSet(mixed $offset, mixed $value): void, or the #[\ReturnTypeWillChange] attribute should be used to temporarily suppress the notice in C:\xampp\htdocs\tucher\wp-includes\Requests\Cookie\Jar.php on line 89
[21-Jul-2022 18:38:38 UTC] PHP Deprecated:  Return type of Requests_Cookie_Jar::offsetUnset($key) should either be compatible with ArrayAccess::offsetUnset(mixed $offset): void, or the #[\ReturnTypeWillChange] attribute should be used to temporarily suppress the notice in C:\xampp\htdocs\tucher\wp-includes\Requests\Cookie\Jar.php on line 102
[21-Jul-2022 18:38:38 UTC] PHP Deprecated:  Return type of Requests_Cookie_Jar::getIterator() should either be compatible with IteratorAggregate::getIterator(): Traversable, or the #[\ReturnTypeWillChange] attribute should be used to temporarily suppress the notice in C:\xampp\htdocs\tucher\wp-includes\Requests\Cookie\Jar.php on line 111
[21-Jul-2022 18:38:38 UTC] PHP Deprecated:  http_build_query(): Passing null to parameter #2 ($numeric_prefix) of type string is deprecated in C:\xampp\htdocs\tucher\wp-includes\Requests\Transport\cURL.php on line 345
[21-Jul-2022 18:38:39 UTC] PHP Deprecated:  Return type of Requests_Utility_CaseInsensitiveDictionary::offsetExists($key) should either be compatible with ArrayAccess::offsetExists(mixed $offset): bool, or the #[\ReturnTypeWillChange] attribute should be used to temporarily suppress the notice in C:\xampp\htdocs\tucher\wp-includes\Requests\Utility\CaseInsensitiveDictionary.php on line 40
[21-Jul-2022 18:38:39 UTC] PHP Deprecated:  Return type of Requests_Utility_CaseInsensitiveDictionary::offsetGet($key) should either be compatible with ArrayAccess::offsetGet(mixed $offset): mixed, or the #[\ReturnTypeWillChange] attribute should be used to temporarily suppress the notice in C:\xampp\htdocs\tucher\wp-includes\Requests\Utility\CaseInsensitiveDictionary.php on line 51
[21-Jul-2022 18:38:39 UTC] PHP Deprecated:  Return type of Requests_Utility_CaseInsensitiveDictionary::offsetSet($key, $value) should either be compatible with ArrayAccess::offsetSet(mixed $offset, mixed $value): void, or the #[\ReturnTypeWillChange] attribute should be used to temporarily suppress the notice in C:\xampp\htdocs\tucher\wp-includes\Requests\Utility\CaseInsensitiveDictionary.php on line 68
[21-Jul-2022 18:38:39 UTC] PHP Deprecated:  Return type of Requests_Utility_CaseInsensitiveDictionary::offsetUnset($key) should either be compatible with ArrayAccess::offsetUnset(mixed $offset): void, or the #[\ReturnTypeWillChange] attribute should be used to temporarily suppress the notice in C:\xampp\htdocs\tucher\wp-includes\Requests\Utility\CaseInsensitiveDictionary.php on line 82
[21-Jul-2022 18:38:39 UTC] PHP Deprecated:  Return type of Requests_Utility_CaseInsensitiveDictionary::getIterator() should either be compatible with IteratorAggregate::getIterator(): Traversable, or the #[\ReturnTypeWillChange] attribute should be used to temporarily suppress the notice in C:\xampp\htdocs\tucher\wp-includes\Requests\Utility\CaseInsensitiveDictionary.php on line 91
[21-Jul-2022 18:38:39 UTC] PHP Deprecated:  http_build_query(): Passing null to parameter #2 ($numeric_prefix) of type string is deprecated in C:\xampp\htdocs\tucher\wp-includes\Requests\Transport\cURL.php on line 345
[21-Jul-2022 18:38:40 UTC] PHP Deprecated:  http_build_query(): Passing null to parameter #2 ($numeric_prefix) of type string is deprecated in C:\xampp\htdocs\tucher\wp-includes\Requests\Transport\cURL.php on line 345
[21-Jul-2022 18:38:41 UTC] PHP Warning:  Cannot modify header information - headers already sent by (output started at C:\xampp\htdocs\tucher\wp-includes\Requests\Transport\cURL.php:345) in C:\xampp\htdocs\tucher\wp-admin\admin-header.php on line 9
[21-Jul-2022 18:38:41 UTC] PHP Deprecated:  setcookie(): Passing null to parameter #5 ($domain) of type string is deprecated in C:\xampp\htdocs\tucher\wp-includes\option.php on line 1112
[21-Jul-2022 18:38:41 UTC] PHP Warning:  Cannot modify header information - headers already sent by (output started at C:\xampp\htdocs\tucher\wp-includes\Requests\Transport\cURL.php:345) in C:\xampp\htdocs\tucher\wp-includes\option.php on line 1112
[21-Jul-2022 18:38:41 UTC] PHP Deprecated:  setcookie(): Passing null to parameter #5 ($domain) of type string is deprecated in C:\xampp\htdocs\tucher\wp-includes\option.php on line 1113
[21-Jul-2022 18:38:41 UTC] PHP Warning:  Cannot modify header information - headers already sent by (output started at C:\xampp\htdocs\tucher\wp-includes\Requests\Transport\cURL.php:345) in C:\xampp\htdocs\tucher\wp-includes\option.php on line 1113
[21-Jul-2022 18:38:41 UTC] PHP Deprecated:  rtrim(): Passing null to parameter #1 ($string) of type string is deprecated in C:\xampp\htdocs\tucher\wp-includes\formatting.php on line 2772
[21-Jul-2022 18:38:41 UTC] PHP Deprecated:  rtrim(): Passing null to parameter #1 ($string) of type string is deprecated in C:\xampp\htdocs\tucher\wp-includes\formatting.php on line 2772
[21-Jul-2022 18:38:41 UTC] PHP Deprecated:  rtrim(): Passing null to parameter #1 ($string) of type string is deprecated in C:\xampp\htdocs\tucher\wp-includes\formatting.php on line 2772
[21-Jul-2022 18:38:41 UTC] PHP Deprecated:  rtrim(): Passing null to parameter #1 ($string) of type string is deprecated in C:\xampp\htdocs\tucher\wp-includes\formatting.php on line 2772
[21-Jul-2022 18:39:18 UTC] PHP Deprecated:  setcookie(): Passing null to parameter #5 ($domain) of type string is deprecated in C:\xampp\htdocs\tucher\wp-includes\option.php on line 1112
[21-Jul-2022 18:39:18 UTC] PHP Deprecated:  setcookie(): Passing null to parameter #5 ($domain) of type string is deprecated in C:\xampp\htdocs\tucher\wp-includes\option.php on line 1113
[21-Jul-2022 18:39:18 UTC] PHP Deprecated:  rtrim(): Passing null to parameter #1 ($string) of type string is deprecated in C:\xampp\htdocs\tucher\wp-includes\formatting.php on line 2772
[21-Jul-2022 18:39:18 UTC] PHP Deprecated:  rtrim(): Passing null to parameter #1 ($string) of type string is deprecated in C:\xampp\htdocs\tucher\wp-includes\formatting.php on line 2772
[21-Jul-2022 18:39:18 UTC] PHP Deprecated:  rtrim(): Passing null to parameter #1 ($string) of type string is deprecated in C:\xampp\htdocs\tucher\wp-includes\formatting.php on line 2772
[21-Jul-2022 18:39:18 UTC] PHP Deprecated:  rtrim(): Passing null to parameter #1 ($string) of type string is deprecated in C:\xampp\htdocs\tucher\wp-includes\formatting.php on line 2772
